Arguments: 
  /home/oscar/.nvm/versions/node/v22.18.0/bin/node /usr/share/yarn/bin/yarn.js init

PATH: 
  /home/oscar/.sdkman/candidates/java/current/bin:/home/oscar/flutter/bin:/home/oscar/.fly/bin:/home/oscar/.nvm/versions/node/v22.18.0/bin:/home/oscar/.pyenv/plugins/pyenv-virtualenv/shims:/home/oscar/.pyenv/shims:~/.pyenv/bin:/home/oscar/.local/bin:/usr/local/sbin:/usr/local/bin:/usr/sbin:/usr/bin:/sbin:/bin:/usr/games:/usr/local/games:/snap/bin:/snap/bin:/home/oscar/.local/bin:/home/oscar/.local/bin

Yarn version: 
  1.22.19

Node version: 
  22.18.0

Platform: 
  linux x64

Trace: 
  Error: canceled
      at Interface.<anonymous> (/usr/share/yarn/lib/cli.js:137150:13)
      at Interface.emit (node:events:518:28)
      at [_ttyWrite] [as _ttyWrite] (node:internal/readline/interface:1132:18)
      at ReadStream.onkeypress (node:internal/readline/interface:271:20)
      at ReadStream.emit (node:events:518:28)
      at emitKeys (node:internal/readline/utils:370:14)
      at emitKeys.next (<anonymous>)
      at ReadStream.onData (node:internal/readline/emitKeypressEvents:64:36)
      at ReadStream.emit (node:events:518:28)
      at addChunk (node:internal/streams/readable:561:12)

npm manifest: 
  No manifest

yarn manifest: 
  No manifest

Lockfile: 
  No lockfile
